<?xml version="1.0" encoding="UTF-8"?>
<testng-results ignored="0" total="1" passed="1" failed="0" skipped="0">
  <reporter-output>
  </reporter-output>
  <suite started-at="2023-06-07T11:26:55 IST" name="Default suite" finished-at="2023-06-07T11:26:56 IST" duration-ms="595">
    <groups>
    </groups>
    <test started-at="2023-06-07T11:26:55 IST" name="Default test" finished-at="2023-06-07T11:26:56 IST" duration-ms="595">
      <class name="Database.DBCTesting.LoaclDB">
        <test-method signature="localdbconnecter()[pri:0, instance:Database.DBCTesting.LoaclDB@2053d869]" started-at="2023-06-07T11:26:55 IST" name="localdbconnecter" finished-at="2023-06-07T11:26:56 IST" duration-ms="553" status="PASS">
          <reporter-output>
          </reporter-output>
        </test-method> <!-- localdbconnecter -->
      </class> <!-- Database.DBCTesting.LoaclDB -->
    </test> <!-- Default test -->
  </suite> <!-- Default suite -->
</testng-results>
