<?xml version="1.0" encoding="UTF-8"?>
<!-- Generated by org.testng.reporters.JUnitXMLReporter -->
<testsuite ignored="0" hostname="DESKTOP-MM7I7O4" failures="0" tests="3" name="Default test" time="1.929" errors="0" timestamp="2023-04-14T13:08:16 IST">
  <testcase classname="ExcelData.DataProvider.New" name="testCaseData" time="0.03"/>
  <testcase classname="ExcelData.DataProvider.New" name="testCaseData" time="0.013"/>
  <testcase classname="ExcelData.DataProvider.New" name="testCaseData" time="0.006"/>
</testsuite> <!-- Default test -->
