<?xml version="1.0" encoding="UTF-8"?>
<testng-results ignored="0" total="3" passed="3" failed="0" skipped="0">
  <reporter-output>
  </reporter-output>
  <suite started-at="2023-04-15T15:51:02 IST" name="Suite" finished-at="2023-04-15T15:51:03 IST" duration-ms="953">
    <groups>
    </groups>
    <test started-at="2023-04-15T15:51:02 IST" name="Test" finished-at="2023-04-15T15:51:03 IST" duration-ms="953">
      <class name="ExcelData.DataProvider.New">
        <test-method signature="testCaseData(java.lang.String,java.lang.String,java.lang.String)[pri:0, instance:ExcelData.DataProvider.New@3e08ff24]" started-at="2023-04-15T15:51:03 IST" name="testCaseData" data-provider="driverTest" finished-at="2023-04-15T15:51:03 IST" duration-ms="9" status="PASS">
          <params>
            <param index="0">
              <value>
                <![CDATA[Hello]]>
              </value>
            </param>
            <param index="1">
              <value>
                <![CDATA[Text]]>
              </value>
            </param>
            <param index="2">
              <value>
                <![CDATA[1]]>
              </value>
            </param>
          </params>
          <reporter-output>
          </reporter-output>
        </test-method> <!-- testCaseData -->
        <test-method signature="testCaseData(java.lang.String,java.lang.String,java.lang.String)[pri:0, instance:ExcelData.DataProvider.New@3e08ff24]" started-at="2023-04-15T15:51:03 IST" name="testCaseData" data-provider="driverTest" finished-at="2023-04-15T15:51:03 IST" duration-ms="2" status="PASS">
          <params>
            <param index="0">
              <value>
                <![CDATA[Bye]]>
              </value>
            </param>
            <param index="1">
              <value>
                <![CDATA[Message]]>
              </value>
            </param>
            <param index="2">
              <value>
                <![CDATA[2]]>
              </value>
            </param>
          </params>
          <reporter-output>
          </reporter-output>
        </test-method> <!-- testCaseData -->
        <test-method signature="testCaseData(java.lang.String,java.lang.String,java.lang.String)[pri:0, instance:ExcelData.DataProvider.New@3e08ff24]" started-at="2023-04-15T15:51:03 IST" name="testCaseData" data-provider="driverTest" finished-at="2023-04-15T15:51:03 IST" duration-ms="1" status="PASS">
          <params>
            <param index="0">
              <value>
                <![CDATA[Solo]]>
              </value>
            </param>
            <param index="1">
              <value>
                <![CDATA[Call]]>
              </value>
            </param>
            <param index="2">
              <value>
                <![CDATA[3]]>
              </value>
            </param>
          </params>
          <reporter-output>
          </reporter-output>
        </test-method> <!-- testCaseData -->
      </class> <!-- ExcelData.DataProvider.New -->
    </test> <!-- Test -->
  </suite> <!-- Suite -->
</testng-results>
