<?xml version="1.0" encoding="UTF-8"?>
<testng-results ignored="0" total="1" passed="1" failed="0" skipped="0">
  <reporter-output>
  </reporter-output>
  <suite started-at="2023-05-19T18:44:33 IST" name="Default suite" finished-at="2023-05-19T18:45:23 IST" duration-ms="50832">
    <groups>
    </groups>
    <test started-at="2023-05-19T18:44:33 IST" name="Default test" finished-at="2023-05-19T18:45:23 IST" duration-ms="50832">
      <class name="gwwpqa.TestScript.loginPageTest">
        <test-method is-config="true" signature="websiteLaunch()[pri:0, instance:gwwpqa.TestScript.loginPageTest@e350b40]" started-at="2023-05-19T18:44:33 IST" name="websiteLaunch" finished-at="2023-05-19T18:44:46 IST" duration-ms="12758" status="PASS">
          <reporter-output>
          </reporter-output>
        </test-method> <!-- websiteLaunch -->
        <test-method signature="login(java.util.HashMap)[pri:0, instance:gwwpqa.TestScript.loginPageTest@e350b40]" started-at="2023-05-19T18:44:46 IST" name="login" data-provider="getData" finished-at="2023-05-19T18:45:23 IST" duration-ms="37210" status="PASS">
          <params>
            <param index="0">
              <value>
                <![CDATA[{product2=Laptop, product1=Jeans, password=password, userId=User1683798930748@gmail.com}]]>
              </value>
            </param>
          </params>
          <reporter-output>
          </reporter-output>
        </test-method> <!-- login -->
        <test-method is-config="true" signature="tearDown()[pri:0, instance:gwwpqa.TestScript.loginPageTest@e350b40]" started-at="2023-05-19T18:45:23 IST" name="tearDown" finished-at="2023-05-19T18:45:23 IST" duration-ms="358" status="PASS">
          <reporter-output>
          </reporter-output>
        </test-method> <!-- tearDown -->
      </class> <!-- gwwpqa.TestScript.loginPageTest -->
    </test> <!-- Default test -->
  </suite> <!-- Default suite -->
</testng-results>
